<?xml version="1.0" encoding="UTF-8"?>
<testng-results skipped="2" failed="0" total="3" passed="1">
  <reporter-output>
  </reporter-output>
  <suite name="BackBase Regression Suite" duration-ms="44668" started-at="2018-09-04T16:53:46Z" finished-at="2018-09-04T16:54:31Z">
    <groups>
    </groups>
    <test name="New Computer Addition" duration-ms="44668" started-at="2018-09-04T16:53:46Z" finished-at="2018-09-04T16:54:31Z">
      <class name="com.growthengineering.Scenario2_Contact_Us_Form_Validations">
        <test-method status="PASS" signature="openWebSite()[pri:0, instance:com.growthengineering.Scenario2_Contact_Us_Form_Validations@3e6fa38a]" name="openWebSite" is-config="true" duration-ms="23976" started-at="2018-09-04T22:23:46Z" finished-at="2018-09-04T22:24:10Z">
          <reporter-output>
          </reporter-output>
        </test-method> <!-- openWebSite -->
        <test-method status="PASS" signature="validateMandatoryDropDownValue()[pri:0, instance:com.growthengineering.Scenario2_Contact_Us_Form_Validations@3e6fa38a]" name="validateMandatoryDropDownValue" duration-ms="13192" started-at="2018-09-04T22:24:10Z" finished-at="2018-09-04T22:24:23Z">
          <reporter-output>
          </reporter-output>
        </test-method> <!-- validateMandatoryDropDownValue -->
        <test-method status="PASS" signature="tearDown()[pri:0, instance:com.growthengineering.Scenario2_Contact_Us_Form_Validations@3e6fa38a]" name="tearDown" is-config="true" duration-ms="703" started-at="2018-09-04T22:24:23Z" finished-at="2018-09-04T22:24:24Z">
          <reporter-output>
          </reporter-output>
        </test-method> <!-- tearDown -->
        <test-method status="FAIL" signature="openWebSite()[pri:0, instance:com.growthengineering.Scenario2_Contact_Us_Form_Validations@3e6fa38a]" name="openWebSite" is-config="true" duration-ms="0" started-at="2018-09-04T22:24:24Z" finished-at="2018-09-04T22:24:24Z">
          <exception class="org.openqa.selenium.NoSuchWindowException">
            <message>
              <![CDATA[Browsing context has been discarded
Build info: version: '3.4.0', revision: 'unknown', time: 'unknown'
System info: host: 'PG014UCR', ip: '10.0.75.1', os.name: 'Windows 10', os.arch: 'amd64', os.version: '10.0', java.version: '1.8.0_60'
Driver info: org.openqa.selenium.firefox.FirefoxDriver
Capabilities [{moz:profile=C:\Users\hiteshg\AppData\Local\Temp\rust_mozprofile.bcWhKKxMWtd8, rotatable=false, timeouts={implicit=0.0, pageLoad=300000.0, script=30000.0}, pageLoadStrategy=normal, moz:headless=false, platform=ANY, moz:accessibilityChecks=false, moz:useNonSpecCompliantPointerOrigin=false, acceptInsecureCerts=false, browserVersion=61.0.2, platformVersion=10.0, moz:processID=7936.0, browserName=firefox, javascriptEnabled=true, platformName=windows_nt, moz:webdriverClick=true}]
Session ID: 08c7a533-2da4-48a0-bfb5-e0d2b5bc5dd4]]>
            </message>
            <full-stacktrace>
              <![CDATA[org.openqa.selenium.NoSuchWindowException: Browsing context has been discarded
Build info: version: '3.4.0', revision: 'unknown', time: 'unknown'
System info: host: 'PG014UCR', ip: '10.0.75.1', os.name: 'Windows 10', os.arch: 'amd64', os.version: '10.0', java.version: '1.8.0_60'
Driver info: org.openqa.selenium.firefox.FirefoxDriver
Capabilities [{moz:profile=C:\Users\hiteshg\AppData\Local\Temp\rust_mozprofile.bcWhKKxMWtd8, rotatable=false, timeouts={implicit=0.0, pageLoad=300000.0, script=30000.0}, pageLoadStrategy=normal, moz:headless=false, platform=ANY, moz:accessibilityChecks=false, moz:useNonSpecCompliantPointerOrigin=false, acceptInsecureCerts=false, browserVersion=61.0.2, platformVersion=10.0, moz:processID=7936.0, browserName=firefox, javascriptEnabled=true, platformName=windows_nt, moz:webdriverClick=true}]
Session ID: 08c7a533-2da4-48a0-bfb5-e0d2b5bc5dd4
	at sun.reflect.NativeConstructorAccessorImpl.newInstance0(Native Method)
	at sun.reflect.NativeConstructorAccessorImpl.newInstance(Unknown Source)
	at sun.reflect.DelegatingConstructorAccessorImpl.newInstance(Unknown Source)
	at java.lang.reflect.Constructor.newInstance(Unknown Source)
	at org.openqa.selenium.remote.http.W3CHttpResponseCodec.createException(W3CHttpResponseCodec.java:150)
	at org.openqa.selenium.remote.http.W3CHttpResponseCodec.decode(W3CHttpResponseCodec.java:115)
	at org.openqa.selenium.remote.http.W3CHttpResponseCodec.decode(W3CHttpResponseCodec.java:45)
	at org.openqa.selenium.remote.HttpCommandExecutor.execute(HttpCommandExecutor.java:164)
	at org.openqa.selenium.remote.service.DriverCommandExecutor.execute(DriverCommandExecutor.java:82)
	at org.openqa.selenium.remote.RemoteWebDriver.execute(RemoteWebDriver.java:637)
	at org.openqa.selenium.remote.RemoteWebDriver.execute(RemoteWebDriver.java:694)
	at org.openqa.selenium.remote.RemoteWebDriver$RemoteWebDriverOptions$RemoteWindow.maximize(RemoteWebDriver.java:925)
	at BaseSetUp.BaseSetUp.browserSetUp(BaseSetUp.java:17)
	at com.growthengineering.Scenario2_Contact_Us_Form_Validations.openWebSite(Scenario2_Contact_Us_Form_Validations.java:37)
	at sun.reflect.NativeMethodAccessorImpl.invoke0(Native Method)
	at sun.reflect.NativeMethodAccessorImpl.invoke(Unknown Source)
	at sun.reflect.DelegatingMethodAccessorImpl.invoke(Unknown Source)
	at java.lang.reflect.Method.invoke(Unknown Source)
	at org.testng.internal.MethodInvocationHelper.invokeMethod(MethodInvocationHelper.java:80)
	at org.testng.internal.Invoker.invokeConfigurationMethod(Invoker.java:564)
	at org.testng.internal.Invoker.invokeConfigurations(Invoker.java:213)
	at org.testng.internal.Invoker.invokeMethod(Invoker.java:653)
	at org.testng.internal.Invoker.invokeTestMethod(Invoker.java:901)
	at org.testng.internal.Invoker.invokeTestMethods(Invoker.java:1231)
	at org.testng.internal.TestMethodWorker.invokeTestMethods(TestMethodWorker.java:127)
	at org.testng.internal.TestMethodWorker.run(TestMethodWorker.java:111)
	at org.testng.TestRunner.privateRun(TestRunner.java:767)
	at org.testng.TestRunner.run(TestRunner.java:617)
	at org.testng.SuiteRunner.runTest(SuiteRunner.java:334)
	at org.testng.SuiteRunner.runSequentially(SuiteRunner.java:329)
	at org.testng.SuiteRunner.privateRun(SuiteRunner.java:291)
	at org.testng.SuiteRunner.run(SuiteRunner.java:240)
	at org.testng.SuiteRunnerWorker.runSuite(SuiteRunnerWorker.java:52)
	at org.testng.SuiteRunnerWorker.run(SuiteRunnerWorker.java:86)
	at org.testng.TestNG.runSuitesSequentially(TestNG.java:1198)
	at org.testng.TestNG.runSuitesLocally(TestNG.java:1123)
	at org.testng.TestNG.run(TestNG.java:1031)
	at org.testng.remote.AbstractRemoteTestNG.run(AbstractRemoteTestNG.java:114)
	at org.testng.remote.RemoteTestNG.initAndRun(RemoteTestNG.java:251)
	at org.testng.remote.RemoteTestNG.main(RemoteTestNG.java:77)
]]>
            </full-stacktrace>
          </exception> <!-- org.openqa.selenium.NoSuchWindowException -->
          <reporter-output>
          </reporter-output>
        </test-method> <!-- openWebSite -->
        <test-method status="SKIP" signature="validateMandatoryFirstName()[pri:0, instance:com.growthengineering.Scenario2_Contact_Us_Form_Validations@3e6fa38a]" name="validateMandatoryFirstName" duration-ms="1" started-at="2018-09-04T22:24:31Z" finished-at="2018-09-04T22:24:31Z">
          <reporter-output>
          </reporter-output>
        </test-method> <!-- validateMandatoryFirstName -->
        <test-method status="SKIP" signature="tearDown()[pri:0, instance:com.growthengineering.Scenario2_Contact_Us_Form_Validations@3e6fa38a]" name="tearDown" is-config="true" duration-ms="0" started-at="2018-09-04T22:24:31Z" finished-at="2018-09-04T22:24:31Z">
          <reporter-output>
          </reporter-output>
        </test-method> <!-- tearDown -->
        <test-method status="SKIP" signature="openWebSite()[pri:0, instance:com.growthengineering.Scenario2_Contact_Us_Form_Validations@3e6fa38a]" name="openWebSite" is-config="true" duration-ms="0" started-at="2018-09-04T22:24:31Z" finished-at="2018-09-04T22:24:31Z">
          <reporter-output>
          </reporter-output>
        </test-method> <!-- openWebSite -->
        <test-method status="SKIP" signature="validate_GenericValidationMsg()[pri:0, instance:com.growthengineering.Scenario2_Contact_Us_Form_Validations@3e6fa38a]" name="validate_GenericValidationMsg" duration-ms="1" started-at="2018-09-04T22:24:31Z" finished-at="2018-09-04T22:24:31Z">
          <reporter-output>
          </reporter-output>
        </test-method> <!-- validate_GenericValidationMsg -->
        <test-method status="SKIP" signature="tearDown()[pri:0, instance:com.growthengineering.Scenario2_Contact_Us_Form_Validations@3e6fa38a]" name="tearDown" is-config="true" duration-ms="0" started-at="2018-09-04T22:24:31Z" finished-at="2018-09-04T22:24:31Z">
          <reporter-output>
          </reporter-output>
        </test-method> <!-- tearDown -->
      </class> <!-- com.growthengineering.Scenario2_Contact_Us_Form_Validations -->
    </test> <!-- New Computer Addition -->
  </suite> <!-- BackBase Regression Suite -->
</testng-results>
