<?xml version="1.0" encoding="UTF-8"?>
<!-- Generated by org.testng.reporters.JUnitXMLReporter -->
<testsuite hostname="PG014UCR" name="Default test" tests="3" failures="0" timestamp="4 Sep 2018 16:49:44 GMT" time="120.206" errors="0">
  <testcase name="validateMandatoryDropDownValue" time="13.112" classname="com.growthengineering.Scenario2_Contact_Us_Form_Validations"/>
  <testcase name="validateMandatoryFirstName" time="8.264" classname="com.growthengineering.Scenario2_Contact_Us_Form_Validations"/>
  <testcase name="validate_GenericValidationMsg" time="24.665" classname="com.growthengineering.Scenario2_Contact_Us_Form_Validations"/>
</testsuite> <!-- Default test -->
